<?xml version="1.0" encoding="UTF-8"?>
<!-- Generated by org.testng.reporters.JUnitReportReporter -->
<testsuite hostname="LAPTOP-VILED22F" failures="0" tests="1" name="com.calculator.runner.CalculatorTest" time="26.384" errors="0" timestamp="01 Mar 2021 04:39:34 GMT" skipped="0">
  <testcase classname="com.calculator.runner.CalculatorTest" name="testCal" time="26.384"/>
</testsuite> <!-- com.calculator.runner.CalculatorTest -->
